ls*** Starting uWSGI 2.0.19.1 (64bit) on [Sat Aug  1 17:58:48 2020] ***
compiled with version: 4.2.1 Compatible Apple LLVM 11.0.3 (clang-1103.0.32.62) on 01 August 2020 09:38:22
os: Darwin-19.4.0 Darwin Kernel Version 19.4.0: Wed Mar  4 22:28:40 PST 2020; root:xnu-6153.101.6~15/RELEASE_X86_64
nodename: shd
machine: x86_64
clock source: unix
pcre jit disabled
detected number of CPU cores: 12
current working directory: /Users/shenhaodong/PycharmProjects/flask-autorial
writing pidfile to project-master.pid
detected binary path: /Users/shenhaodong/.pyenv/versions/3.7.3/envs/3.7.3-dev/bin/uwsgi
chdir() to /Users/shenhaodong/PycharmProjects/flask-autorial/flaskr
*** WARNING: you are running uWSGI without its master process manager ***
your processes number limit is 2784
your memory page size is 4096 bytes
detected max file descriptor number: 10240
lock engine: OSX spinlocks
thunder lock: disabled (you can enable it with --thunder-lock)
uWSGI http bound on 0.0.0.0:2020 fd 4
spawned uWSGI http 1 (pid: 5875)
uwsgi socket 0 bound to TCP address 127.0.0.1:63401 (port auto-assigned) fd 3
Python version: 3.7.3 (default, May 31 2020, 22:07:22)  [Clang 11.0.3 (clang-1103.0.32.62)]
*** Python threads support is disabled. You can enable it with --enable-threads ***
Python main interpreter initialized at 0x7fd83c105680
your server socket listen backlog is limited to 100 connections
your mercy for graceful operations on workers is 60 seconds
mapped 364480 bytes (355 KB) for 5 cores
*** Operational MODE: preforking ***
failed to open python file runserver.py
unable to load app 0 (mountpoint='') (callable not found or import error)
*** no app loaded. going in full dynamic mode ***
*** uWSGI is running in multiple interpreter mode ***
spawned uWSGI worker 1 (pid: 5874, cores: 1)
spawned uWSGI worker 2 (pid: 5876, cores: 1)
spawned uWSGI worker 3 (pid: 5877, cores: 1)
spawned uWSGI worker 4 (pid: 5878, cores: 1)
spawned uWSGI worker 5 (pid: 5879, cores: 1)
*** Starting uWSGI 2.0.19.1 (64bit) on [Sat Aug  1 17:59:52 2020] ***
compiled with version: 4.2.1 Compatible Apple LLVM 11.0.3 (clang-1103.0.32.62) on 01 August 2020 09:38:22
os: Darwin-19.4.0 Darwin Kernel Version 19.4.0: Wed Mar  4 22:28:40 PST 2020; root:xnu-6153.101.6~15/RELEASE_X86_64
nodename: shd
machine: x86_64
clock source: unix
pcre jit disabled
detected number of CPU cores: 12
current working directory: /Users/shenhaodong/PycharmProjects/flask-autorial
writing pidfile to project-master.pid
detected binary path: /Users/shenhaodong/.pyenv/versions/3.7.3/envs/3.7.3-dev/bin/uwsgi
chdir() to /Users/shenhaodong/PycharmProjects/flask-autorial
*** WARNING: you are running uWSGI without its master process manager ***
your processes number limit is 2784
your memory page size is 4096 bytes
detected max file descriptor number: 10240
lock engine: OSX spinlocks
thunder lock: disabled (you can enable it with --thunder-lock)
uWSGI http bound on 0.0.0.0:2020 fd 4
spawned uWSGI http 1 (pid: 5901)
uwsgi socket 0 bound to TCP address 127.0.0.1:63518 (port auto-assigned) fd 3
Python version: 3.7.3 (default, May 31 2020, 22:07:22)  [Clang 11.0.3 (clang-1103.0.32.62)]
*** Python threads support is disabled. You can enable it with --enable-threads ***
Python main interpreter initialized at 0x7fc668d06470
your server socket listen backlog is limited to 100 connections
your mercy for graceful operations on workers is 60 seconds
mapped 364480 bytes (355 KB) for 5 cores
*** Operational MODE: preforking ***
./instance
 * Serving Flask app "flaskr" (lazy loading)
 * Environment: development
 * Debug mode: on
 * Running on http://127.0.0.1:5000/ (Press CTRL+C to quit)
 * Restarting with stat
unable to load configuration from /Users/shenhaodong/PycharmProjects/flask-autorial/uwsgi
*** Starting uWSGI 2.0.19.1 (64bit) on [Sat Aug  1 18:02:00 2020] ***
compiled with version: 4.2.1 Compatible Apple LLVM 11.0.3 (clang-1103.0.32.62) on 01 August 2020 09:38:22
os: Darwin-19.4.0 Darwin Kernel Version 19.4.0: Wed Mar  4 22:28:40 PST 2020; root:xnu-6153.101.6~15/RELEASE_X86_64
nodename: shd
machine: x86_64
clock source: unix
pcre jit disabled
detected number of CPU cores: 12
current working directory: /Users/shenhaodong/PycharmProjects/flask-autorial
writing pidfile to project-master.pid
detected binary path: /Users/shenhaodong/.pyenv/versions/3.7.3/envs/3.7.3-dev/bin/uwsgi
chdir() to /Users/shenhaodong/PycharmProjects/flask-autorial
*** WARNING: you are running uWSGI without its master process manager ***
your processes number limit is 2784
your memory page size is 4096 bytes
detected max file descriptor number: 10240
lock engine: OSX spinlocks
thunder lock: disabled (you can enable it with --thunder-lock)
uWSGI http bound on 0.0.0.0:2020 fd 4
spawned uWSGI http 1 (pid: 5934)
uwsgi socket 0 bound to TCP address 127.0.0.1:63605 (port auto-assigned) fd 3
Python version: 3.7.3 (default, May 31 2020, 22:07:22)  [Clang 11.0.3 (clang-1103.0.32.62)]
*** Python threads support is disabled. You can enable it with --enable-threads ***
Python main interpreter initialized at 0x7f88f2606130
your server socket listen backlog is limited to 100 connections
your mercy for graceful operations on workers is 60 seconds
mapped 364480 bytes (355 KB) for 5 cores
*** Operational MODE: preforking ***
./instance
WSGI app 0 (mountpoint='') ready in 0 seconds on interpreter 0x7f88f2606130 pid: 5933 (default app)
*** uWSGI is running in multiple interpreter mode ***
spawned uWSGI worker 1 (pid: 5933, cores: 1)
spawned uWSGI worker 2 (pid: 5935, cores: 1)
spawned uWSGI worker 3 (pid: 5936, cores: 1)
spawned uWSGI worker 4 (pid: 5937, cores: 1)
spawned uWSGI worker 5 (pid: 5938, cores: 1)
[pid: 5935|app: 0|req: 1/1] 127.0.0.1 () {44 vars in 773 bytes} [Sat Aug  1 18:02:34 2020] GET / => generated 1056 bytes in 28 msecs (HTTP/1.1 200) 2 headers in 81 bytes (2 switches on core 0)
[pid: 5938|app: 0|req: 1/2] 127.0.0.1 () {42 vars in 680 bytes} [Sat Aug  1 18:02:34 2020] GET /static/style.css => generated 1536 bytes in 7 msecs via sendfile() (HTTP/1.1 200) 7 headers in 284 bytes (1 switches on core 0)
[pid: 5938|app: 0|req:


 2/3] 127.0.0.1 () {42 vars in 691 bytes} [Sat Aug  1 18:02:34 2020] GET /favicon.ico => generated 232 bytes in 0 msecs (HTTP/1.1 404) 2 headers in 87 bytes (1 switches on core 0)
[pid: 5938|app: 0|req: 3/4] 127.0.0.1 () {46 vars in 804 bytes} [Sat Aug  1 18:02:37 2020] GET / => generated 1056 bytes in 22 msecs (HTTP/1.1 200) 2 headers in 81 bytes (1 switches on core 0)
[pid: 5938|app: 0|req: 4/5] 127.0.0.1 () {46 vars in 804 bytes} [Sat Aug  1 18:02:38 2020] GET / => generated 1056 bytes in 1 msecs (HTTP/1.1 200) 2 headers in 81 bytes (1 switches on core 0)
[pid: 5937|app: 0|req: 1/6] 127.0.0.1 () {46 vars in 804 bytes} [Sat Aug  1 18:02:38 2020] GET / => generated 1056 bytes in 26 msecs (HTTP/1.1 200) 2 headers in 81 bytes (1 switches on core 0)
[pid: 5938|app: 0|req: 5/7] 127.0.0.1 () {46 vars in 804 bytes} [Sat Aug  1 18:02:39 2020] GET / => generated 1056 bytes in 1 msecs (HTTP/1.1 200) 2 headers in 81 bytes (1 switches on core 0)
*** Starting uWSGI 2.0.19.1 (64bit) on [Sat Aug  1 18:18:34 2020] ***
compiled with version: 4.2.1 Compatible Apple LLVM 11.0.3 (clang-1103.0.32.62) on 01 August 2020 09:38:22
os: Darwin-19.4.0 Darwin Kernel Version 19.4.0: Wed Mar  4 22:28:40 PST 2020; root:xnu-6153.101.6~15/RELEASE_X86_64
nodename: shd
machine: x86_64
clock source: unix
pcre jit disabled
detected number of CPU cores: 12
current working directory: /Users/shenhaodong/PycharmProjects/flask-autorial
writing pidfile to project-master.pid
detected binary path: /Users/shenhaodong/.pyenv/versions/3.7.3/envs/3.7.3-dev/bin/uwsgi
chdir() to /Users/shenhaodong/PycharmProjects/flask-autorial
*** WARNING: you are running uWSGI without its master process manager ***
your processes number limit is 2784
your memory page size is 4096 bytes
detected max file descriptor number: 10240
lock engine: OSX spinlocks
thunder lock: disabled (you can enable it with --thunder-lock)
probably another instance of uWSGI is running on the same address (0.0.0.0:2020).
bind(): Address already in use [core/socket.c line 769]
*** Starting uWSGI 2.0.19.1 (64bit) on [Sat Aug  1 18:19:27 2020] ***
compiled with version: 4.2.1 Compatible Apple LLVM 11.0.3 (clang-1103.0.32.62) on 01 August 2020 09:38:22
os: Darwin-19.4.0 Darwin Kernel Version 19.4.0: Wed Mar  4 22:28:40 PST 2020; root:xnu-6153.101.6~15/RELEASE_X86_64
nodename: shd
machine: x86_64
clock source: unix
pcre jit disabled
detected number of CPU cores: 12
current working directory: /Users/shenhaodong/PycharmProjects/flask-autorial
writing pidfile to project-master.pid
detected binary path: /Users/shenhaodong/.pyenv/versions/3.7.3/envs/3.7.3-dev/bin/uwsgi
chdir() to /Users/shenhaodong/PycharmProjects/flask-autorial
*** WARNING: you are running uWSGI without its master process manager ***
your processes number limit is 2784
your memory page size is 4096 bytes
detected max file descriptor number: 10240
lock engine: OSX spinlocks
thunder lock: disabled (you can enable it with --thunder-lock)
uWSGI http bound on 0.0.0.0:2020 fd 4
spawned uWSGI http 1 (pid: 6144)
uwsgi socket 0 bound to TCP address 127.0.0.1:64240 (port auto-assigned) fd 3
Python version: 3.7.3 (default, May 31 2020, 22:07:22)  [Clang 11.0.3 (clang-1103.0.32.62)]
*** Python threads support is disabled. You can enable it with --enable-threads ***
Python main interpreter initialized at 0x7fe919e05710
your server socket listen backlog is limited to 100 connections
your mercy for graceful operations on workers is 60 seconds
mapped 364480 bytes (355 KB) for 5 cores
*** Operational MODE: preforking ***
./instance
WSGI app 0 (mountpoint='') ready in 0 seconds on interpreter 0x7fe919e05710 pid: 6143 (default app)
*** uWSGI is running in multiple interpreter mode ***
spawned uWSGI worker 1 (pid: 6143, cores: 1)
spawned uWSGI worker 2 (pid: 6145, cores: 1)
spawned uWSGI worker 3 (pid: 6146, cores: 1)
spawned uWSGI worker 4 (pid: 6147, cores: 1)
spawned uWSGI worker 5 (pid: 6148, cores: 1)
[pid: 6146|app: 0|req: 1/1] 127.0.0.1 () {46 vars in 804 bytes} [Sat Aug  1 18:19:38 2020] GET / => generated 232 bytes in 4 msecs (HTTP/1.1 404) 2 headers in 87 bytes (1 switches on core 0)
[pid: 6148|app: 0|req: 1/2] 127.0.0.1 () {46 vars in 804 bytes} [Sat Aug  1 18:19:39 2020] GET / => generated 232 bytes in 4 msecs (HTTP/1.1 404) 2 headers in 87 bytes (2 switches on core 0)
[pid: 6148|app: 0|req: 2/3] 127.0.0.1 () {46 vars in 804 bytes} [Sat Aug  1 18:19:51 2020] GET / => generated 232 bytes in 0 msecs (HTTP/1.1 404) 2 headers in 87 bytes (2 switches on core 0)
[pid: 6148|app: 0|req: 3/4] 127.0.0.1 () {44 vars in 781 bytes} [Sat Aug  1 18:19:58 2020] GET /hello => generated 13 bytes in 0 msecs (HTTP/1.1 200) 2 headers in 79 bytes (2 switches on core 0)
